<?xml version="1.0" encoding="UTF-8"?>
<!-- Generated by org.testng.reporters.JUnitReportReporter -->
<testsuite skipped="0" hostname="LPT733-B1" name="baseClass.Sample" tests="1" failures="0" timestamp="02 Oct 2019 17:36:26 GMT" time="3.497" errors="0">
  <testcase name="openBrowser" time="3.497" classname="baseClass.Sample"/>
</testsuite> <!-- baseClass.Sample -->
